RUN	simulations.ExtractDataFromJsonResponce	extractdatafromjsonresponce	1637149144151	ExtractDataFromJsonResponce	3.6.1
USER	get data from json responce	START	1637149154640
USER	get data from json responce	START	1637149154640
USER	get data from json responce	START	1637149154640
USER	get data from json responce	START	1637149154641
USER	get data from json responce	START	1637149154641
USER	get data from json responce	START	1637149154641
USER	get data from json responce	START	1637149154640
USER	get data from json responce	START	1637149154641
USER	get data from json responce	START	1637149154641
USER	get data from json responce	START	1637149154641
REQUEST		get data from json responce	1637149154705	1637149155510	OK	 
REQUEST		get data from json responce	1637149154708	1637149155414	OK	 
REQUEST		get data from json responce	1637149154707	1637149155609	OK	 
REQUEST		get data from json responce	1637149154705	1637149155711	OK	 
REQUEST		get data from json responce	1637149154705	1637149155801	OK	 
REQUEST		get data from json responce	1637149154709	1637149155897	OK	 
REQUEST		get data from json responce	1637149154705	1637149155999	OK	 
REQUEST		get data from json responce	1637149154707	1637149156092	OK	 
REQUEST		get data from json responce	1637149154705	1637149156216	OK	 
REQUEST		get data from json responce	1637149154705	1637149156298	OK	 
REQUEST		Validating json data	1637149155621	1637149156387	OK	 
USER	get data from json responce	END	1637149156408
REQUEST		Validating json data	1637149155621	1637149156492	OK	 
USER	get data from json responce	END	1637149156495
REQUEST		Validating json data	1637149155621	1637149156595	OK	 
USER	get data from json responce	END	1637149156598
REQUEST		Validating json data	1637149155715	1637149156690	OK	 
USER	get data from json responce	END	1637149156695
REQUEST		Validating json data	1637149155803	1637149156792	OK	 
USER	get data from json responce	END	1637149156795
REQUEST		Validating json data	1637149155900	1637149156900	OK	 
USER	get data from json responce	END	1637149156903
REQUEST		Validating json data	1637149156001	1637149156995	OK	 
USER	get data from json responce	END	1637149156998
REQUEST		Validating json data	1637149156095	1637149157093	OK	 
USER	get data from json responce	END	1637149157097
REQUEST		Validating json data	1637149156218	1637149157193	OK	 
USER	get data from json responce	END	1637149157196
REQUEST		Validating json data	1637149156300	1637149157292	OK	 
USER	get data from json responce	END	1637149157296
