RUN	simulations.RampUpUsersPerSec	rampupuserspersec	1637228821289	ramp users	3.6.1
USER	get data from json responce	START	1637228833781
USER	get data from json responce	START	1637228833781
USER	get data from json responce	START	1637228833781
USER	get data from json responce	START	1637228833781
USER	get data from json responce	START	1637228833781
USER	get data from json responce	START	1637228833781
USER	get data from json responce	START	1637228833975
USER	get data from json responce	START	1637228834181
USER	get data from json responce	START	1637228834366
REQUEST		get data from json responce	1637228833825	1637228834375	OK	 
REQUEST		get data from json responce	1637228833825	1637228834472	OK	 
USER	get data from json responce	START	1637228834569
REQUEST		get data from json responce	1637228833825	1637228834572	OK	 
REQUEST		get data from json responce	1637228833825	1637228834670	OK	 
REQUEST		get data from json responce	1637228833976	1637228834772	OK	 
USER	get data from json responce	START	1637228834772
REQUEST		get data from json responce	1637228833825	1637228834870	OK	 
USER	get data from json responce	START	1637228834973
REQUEST		get data from json responce	1637228833825	1637228834977	OK	 
REQUEST		Validating json data	1637228834465	1637228835059	KO	jsonPath($.data.id).find.is(17183), but actually found 1517
USER	get data from json responce	END	1637228835081
REQUEST		Validating json data	1637228834474	1637228835162	KO	jsonPath($.data.id).find.is(17183), but actually found 1517
USER	get data from json responce	END	1637228835164
USER	get data from json responce	START	1637228835175
REQUEST		get data from json responce	1637228834181	1637228835279	OK	 
REQUEST		Validating json data	1637228834574	1637228835361	KO	jsonPath($.data.id).find.is(17183), but actually found 1517
USER	get data from json responce	END	1637228835364
USER	get data from json responce	START	1637228835377
REQUEST		Validating json data	1637228834671	1637228835470	KO	jsonPath($.data.id).find.is(17183), but actually found 1517
USER	get data from json responce	END	1637228835473
REQUEST		get data from json responce	1637228834367	1637228835566	OK	 
USER	get data from json responce	START	1637228835579
REQUEST		Validating json data	1637228834774	1637228835681	KO	jsonPath($.data.id).find.is(17183), but actually found 1517
USER	get data from json responce	END	1637228835684
REQUEST		get data from json responce	1637228834570	1637228835771	OK	 
USER	get data from json responce	START	1637228835782
REQUEST		Validating json data	1637228834872	1637228835861	KO	jsonPath($.data.id).find.is(17183), but actually found 1517
USER	get data from json responce	END	1637228835865
USER	get data from json responce	START	1637228835966
REQUEST		get data from json responce	1637228834773	1637228835970	OK	 
REQUEST		Validating json data	1637228834979	1637228836059	KO	jsonPath($.data.id).find.is(17183), but actually found 1517
USER	get data from json responce	END	1637228836063
REQUEST		get data from json responce	1637228834973	1637228836163	OK	 
USER	get data from json responce	START	1637228836167
REQUEST		Validating json data	1637228835280	1637228836262	KO	jsonPath($.data.id).find.is(17183), but actually found 1517
USER	get data from json responce	END	1637228836267
REQUEST		get data from json responce	1637228835176	1637228836362	OK	 
USER	get data from json responce	START	1637228836369
REQUEST		get data from json responce	1637228835378	1637228836499	OK	 
REQUEST		Validating json data	1637228835568	1637228836561	KO	jsonPath($.data.id).find.is(17183), but actually found 1517
USER	get data from json responce	END	1637228836563
USER	get data from json responce	START	1637228836572
REQUEST		get data from json responce	1637228835580	1637228836669	OK	 
REQUEST		Validating json data	1637228835773	1637228836759	KO	jsonPath($.data.id).find.is(17183), but actually found 1517
USER	get data from json responce	END	1637228836762
USER	get data from json responce	START	1637228836774
REQUEST		Validating json data	1637228835971	1637228836858	KO	jsonPath($.data.id).find.is(17183), but actually found 1517
USER	get data from json responce	END	1637228836861
REQUEST		get data from json responce	1637228835783	1637228836971	OK	 
USER	get data from json responce	START	1637228836975
REQUEST		Validating json data	1637228836165	1637228837061	KO	jsonPath($.data.id).find.is(17183), but actually found 1517
USER	get data from json responce	END	1637228837063
REQUEST		get data from json responce	1637228835967	1637228837168	OK	 
USER	get data from json responce	START	1637228837178
REQUEST		Validating json data	1637228836363	1637228837262	KO	jsonPath($.data.id).find.is(17183), but actually found 1517
USER	get data from json responce	END	1637228837264
REQUEST		get data from json responce	1637228836168	1637228837366	OK	 
USER	get data from json responce	START	1637228837379
REQUEST		Validating json data	1637228836501	1637228837457	KO	jsonPath($.data.id).find.is(17183), but actually found 1517
USER	get data from json responce	END	1637228837460
USER	get data from json responce	START	1637228837566
REQUEST		get data from json responce	1637228836369	1637228837567	OK	 
REQUEST		Validating json data	1637228836671	1637228837665	KO	jsonPath($.data.id).find.is(17183), but actually found 1517
USER	get data from json responce	END	1637228837667
USER	get data from json responce	START	1637228837766
REQUEST		get data from json responce	1637228836573	1637228837767	OK	 
REQUEST		Validating json data	1637228836972	1637228837856	KO	jsonPath($.data.id).find.is(17183), but actually found 1517
USER	get data from json responce	END	1637228837861
REQUEST		get data from json responce	1637228836774	1637228837964	OK	 
USER	get data from json responce	START	1637228837968
REQUEST		get data from json responce	1637228836975	1637228838062	OK	 
REQUEST		Validating json data	1637228837169	1637228838154	KO	jsonPath($.data.id).find.is(17183), but actually found 1517
USER	get data from json responce	END	1637228838157
USER	get data from json responce	START	1637228838169
REQUEST		Validating json data	1637228837367	1637228838263	KO	jsonPath($.data.id).find.is(17183), but actually found 1517
USER	get data from json responce	END	1637228838267
REQUEST		get data from json responce	1637228837178	1637228838365	OK	 
USER	get data from json responce	START	1637228838371
REQUEST		get data from json responce	1637228837379	1637228838463	OK	 
REQUEST		Validating json data	1637228837569	1637228838558	KO	jsonPath($.data.id).find.is(17183), but actually found 1517
USER	get data from json responce	END	1637228838561
USER	get data from json responce	START	1637228838572
REQUEST		get data from json responce	1637228837566	1637228838670	OK	 
REQUEST		Validating json data	1637228837769	1637228838760	KO	jsonPath($.data.id).find.is(17183), but actually found 1517
USER	get data from json responce	END	1637228838763
USER	get data from json responce	START	1637228838774
REQUEST		Validating json data	1637228837966	1637228838860	KO	jsonPath($.data.id).find.is(17183), but actually found 1517
USER	get data from json responce	END	1637228838862
REQUEST		get data from json responce	1637228837767	1637228838966	OK	 
USER	get data from json responce	START	1637228838974
REQUEST		Validating json data	1637228838064	1637228839060	KO	jsonPath($.data.id).find.is(17183), but actually found 1517
USER	get data from json responce	END	1637228839061
REQUEST		get data from json responce	1637228837968	1637228839165	OK	 
USER	get data from json responce	START	1637228839176
REQUEST		Validating json data	1637228838367	1637228839255	KO	jsonPath($.data.id).find.is(17183), but actually found 1517
USER	get data from json responce	END	1637228839257
REQUEST		get data from json responce	1637228838169	1637228839365	OK	 
USER	get data from json responce	START	1637228839377
REQUEST		Validating json data	1637228838466	1637228839456	KO	jsonPath($.data.id).find.is(17183), but actually found 1517
USER	get data from json responce	END	1637228839459
REQUEST		get data from json responce	1637228838372	1637228839570	OK	 
USER	get data from json responce	START	1637228839578
REQUEST		Validating json data	1637228838672	1637228839664	KO	jsonPath($.data.id).find.is(17183), but actually found 1517
USER	get data from json responce	END	1637228839668
REQUEST		get data from json responce	1637228838572	1637228839767	OK	 
USER	get data from json responce	START	1637228839781
REQUEST		Validating json data	1637228838967	1637228839856	KO	jsonPath($.data.id).find.is(17183), but actually found 1517
USER	get data from json responce	END	1637228839860
REQUEST		get data from json responce	1637228838774	1637228839965	OK	 
USER	get data from json responce	START	1637228839965
REQUEST		Validating json data	1637228839167	1637228840055	KO	jsonPath($.data.id).find.is(17183), but actually found 1517
USER	get data from json responce	END	1637228840059
REQUEST		get data from json responce	1637228838974	1637228840165	OK	 
USER	get data from json responce	START	1637228840166
REQUEST		Validating json data	1637228839366	1637228840269	KO	jsonPath($.data.id).find.is(17183), but actually found 1517
USER	get data from json responce	END	1637228840270
REQUEST		get data from json responce	1637228839177	1637228840366	OK	 
USER	get data from json responce	START	1637228840369
REQUEST		get data from json responce	1637228839378	1637228840465	OK	 
REQUEST		Validating json data	1637228839572	1637228840559	KO	jsonPath($.data.id).find.is(17183), but actually found 1517
USER	get data from json responce	END	1637228840562
USER	get data from json responce	START	1637228840573
REQUEST		Validating json data	1637228839768	1637228840661	KO	jsonPath($.data.id).find.is(17183), but actually found 1517
USER	get data from json responce	END	1637228840663
REQUEST		get data from json responce	1637228839579	1637228840770	OK	 
USER	get data from json responce	START	1637228840774
REQUEST		get data from json responce	1637228839782	1637228840870	OK	 
REQUEST		Validating json data	1637228839966	1637228840961	KO	jsonPath($.data.id).find.is(17183), but actually found 1517
USER	get data from json responce	END	1637228840962
USER	get data from json responce	START	1637228840975
REQUEST		get data from json responce	1637228839965	1637228841082	OK	 
REQUEST		Validating json data	1637228840166	1637228841165	KO	jsonPath($.data.id).find.is(17183), but actually found 1517
USER	get data from json responce	END	1637228841167
USER	get data from json responce	START	1637228841176
REQUEST		Validating json data	1637228840367	1637228841342	KO	jsonPath($.data.id).find.is(17183), but actually found 1517
USER	get data from json responce	END	1637228841344
REQUEST		get data from json responce	1637228840166	1637228841370	OK	 
USER	get data from json responce	START	1637228841374
REQUEST		Validating json data	1637228840467	1637228841474	KO	jsonPath($.data.id).find.is(17183), but actually found 1517
USER	get data from json responce	END	1637228841476
REQUEST		get data from json responce	1637228840370	1637228841572	OK	 
USER	get data from json responce	START	1637228841575
REQUEST		Validating json data	1637228840772	1637228841666	KO	jsonPath($.data.id).find.is(17183), but actually found 1517
USER	get data from json responce	END	1637228841668
REQUEST		get data from json responce	1637228840573	1637228841766	OK	 
USER	get data from json responce	START	1637228841779
REQUEST		Validating json data	1637228840871	1637228841863	KO	jsonPath($.data.id).find.is(17183), but actually found 1517
USER	get data from json responce	END	1637228841865
REQUEST		get data from json responce	1637228840774	1637228841965	OK	 
USER	get data from json responce	START	1637228841978
REQUEST		Validating json data	1637228841083	1637228842060	KO	jsonPath($.data.id).find.is(17183), but actually found 1517
USER	get data from json responce	END	1637228842063
USER	get data from json responce	START	1637228842165
REQUEST		get data from json responce	1637228840975	1637228842167	OK	 
REQUEST		Validating json data	1637228841371	1637228842263	KO	jsonPath($.data.id).find.is(17183), but actually found 1517
USER	get data from json responce	END	1637228842265
USER	get data from json responce	START	1637228842365
REQUEST		get data from json responce	1637228841176	1637228842370	OK	 
REQUEST		get data from json responce	1637228841374	1637228842468	OK	 
REQUEST		Validating json data	1637228841573	1637228842562	KO	jsonPath($.data.id).find.is(17183), but actually found 1517
USER	get data from json responce	END	1637228842565
USER	get data from json responce	START	1637228842566
REQUEST		get data from json responce	1637228841576	1637228842683	OK	 
REQUEST		Validating json data	1637228841767	1637228842760	KO	jsonPath($.data.id).find.is(17183), but actually found 1517
USER	get data from json responce	END	1637228842762
USER	get data from json responce	START	1637228842771
REQUEST		Validating json data	1637228841966	1637228842864	KO	jsonPath($.data.id).find.is(17183), but actually found 1517
USER	get data from json responce	END	1637228842867
USER	get data from json responce	START	1637228842969
REQUEST		get data from json responce	1637228841780	1637228842972	OK	 
REQUEST		get data from json responce	1637228841979	1637228843080	OK	 
REQUEST		Validating json data	1637228842168	1637228843162	KO	jsonPath($.data.id).find.is(17183), but actually found 1517
USER	get data from json responce	END	1637228843164
USER	get data from json responce	START	1637228843170
REQUEST		get data from json responce	1637228842166	1637228843283	OK	 
REQUEST		Validating json data	1637228842371	1637228843365	KO	jsonPath($.data.id).find.is(17183), but actually found 1517
USER	get data from json responce	END	1637228843367
USER	get data from json responce	START	1637228843372
REQUEST		Validating json data	1637228842469	1637228843466	KO	jsonPath($.data.id).find.is(17183), but actually found 1517
USER	get data from json responce	END	1637228843467
REQUEST		get data from json responce	1637228842366	1637228843567	OK	 
USER	get data from json responce	START	1637228843573
REQUEST		Validating json data	1637228842684	1637228843661	KO	jsonPath($.data.id).find.is(17183), but actually found 1517
USER	get data from json responce	END	1637228843664
REQUEST		get data from json responce	1637228842566	1637228843764	OK	 
USER	get data from json responce	START	1637228843775
REQUEST		Validating json data	1637228842974	1637228843865	KO	jsonPath($.data.id).find.is(17183), but actually found 1517
USER	get data from json responce	END	1637228843868
REQUEST		get data from json responce	1637228842771	1637228843971	OK	 
USER	get data from json responce	START	1637228843979
REQUEST		Validating json data	1637228843081	1637228844064	KO	jsonPath($.data.id).find.is(17183), but actually found 1517
USER	get data from json responce	END	1637228844065
REQUEST		get data from json responce	1637228842970	1637228844170	OK	 
USER	get data from json responce	START	1637228844179
REQUEST		Validating json data	1637228843285	1637228844260	KO	jsonPath($.data.id).find.is(17183), but actually found 1517
USER	get data from json responce	END	1637228844264
USER	get data from json responce	START	1637228844366
REQUEST		get data from json responce	1637228843170	1637228844370	OK	 
REQUEST		Validating json data	1637228843568	1637228844460	KO	jsonPath($.data.id).find.is(17183), but actually found 1517
USER	get data from json responce	END	1637228844462
USER	get data from json responce	START	1637228844566
REQUEST		get data from json responce	1637228843373	1637228844571	OK	 
REQUEST		Validating json data	1637228843765	1637228844661	KO	jsonPath($.data.id).find.is(17183), but actually found 1517
USER	get data from json responce	END	1637228844664
USER	get data from json responce	START	1637228844767
REQUEST		get data from json responce	1637228843574	1637228844773	OK	 
REQUEST		Validating json data	1637228843972	1637228844867	KO	jsonPath($.data.id).find.is(17183), but actually found 1517
USER	get data from json responce	END	1637228844871
USER	get data from json responce	START	1637228844939
REQUEST		get data from json responce	1637228843776	1637228844971	OK	 
REQUEST		get data from json responce	1637228843979	1637228845066	OK	 
USER	get data from json responce	START	1637228845111
REQUEST		Validating json data	1637228844172	1637228845169	KO	jsonPath($.data.id).find.is(17183), but actually found 1517
USER	get data from json responce	END	1637228845172
USER	get data from json responce	START	1637228845265
REQUEST		Validating json data	1637228844371	1637228845265	KO	jsonPath($.data.id).find.is(17183), but actually found 1517
USER	get data from json responce	END	1637228845267
REQUEST		get data from json responce	1637228844179	1637228845371	OK	 
USER	get data from json responce	START	1637228845436
REQUEST		Validating json data	1637228844572	1637228845467	KO	jsonPath($.data.id).find.is(17183), but actually found 1517
USER	get data from json responce	END	1637228845469
REQUEST		get data from json responce	1637228844366	1637228845571	OK	 
USER	get data from json responce	START	1637228845604
REQUEST		get data from json responce	1637228844566	1637228845670	OK	 
REQUEST		Validating json data	1637228844774	1637228845760	KO	jsonPath($.data.id).find.is(17183), but actually found 1517
USER	get data from json responce	END	1637228845761
USER	get data from json responce	START	1637228845774
REQUEST		get data from json responce	1637228845604	1637228845836	KO	status.find.in(200,201,202,203,204,205,206,207,208,209,304), found 503
ERROR	Validating json data: Failed to build request: No attribute named 'userID' is defined 	1637228845844
USER	get data from json responce	END	1637228845845
REQUEST		get data from json responce	1637228844768	1637228845872	OK	 
USER	get data from json responce	START	1637228845943
REQUEST		Validating json data	1637228844973	1637228845960	KO	jsonPath($.data.id).find.is(17183), but actually found 1517
USER	get data from json responce	END	1637228845961
REQUEST		Validating json data	1637228845067	1637228846069	KO	jsonPath($.data.id).find.is(17183), but actually found 1517
USER	get data from json responce	END	1637228846071
USER	get data from json responce	START	1637228846098
REQUEST		get data from json responce	1637228844939	1637228846194	OK	 
USER	get data from json responce	START	1637228846269
REQUEST		get data from json responce	1637228845111	1637228846271	OK	 
REQUEST		Validating json data	1637228845372	1637228846362	KO	jsonPath($.data.id).find.is(17183), but actually found 1517
USER	get data from json responce	END	1637228846365
USER	get data from json responce	START	1637228846439
REQUEST		get data from json responce	1637228845265	1637228846476	OK	 
REQUEST		Validating json data	1637228845572	1637228846562	KO	jsonPath($.data.id).find.is(17183), but actually found 1517
USER	get data from json responce	END	1637228846564
USER	get data from json responce	START	1637228846609
REQUEST		get data from json responce	1637228845436	1637228846667	OK	 
REQUEST		Validating json data	1637228845671	1637228846761	KO	jsonPath($.data.id).find.is(17183), but actually found 1517
USER	get data from json responce	END	1637228846763
USER	get data from json responce	START	1637228846765
REQUEST		Validating json data	1637228845873	1637228846868	KO	jsonPath($.data.id).find.is(17183), but actually found 1517
USER	get data from json responce	END	1637228846871
USER	get data from json responce	START	1637228846920
REQUEST		get data from json responce	1637228845774	1637228846975	OK	 
USER	get data from json responce	START	1637228847060
REQUEST		Validating json data	1637228846195	1637228847067	KO	jsonPath($.data.id).find.is(17183), but actually found 1517
USER	get data from json responce	END	1637228847068
REQUEST		Validating json data	1637228846273	1637228847169	KO	jsonPath($.data.id).find.is(17183), but actually found 1517
USER	get data from json responce	END	1637228847170
USER	get data from json responce	START	1637228847198
REQUEST		get data from json responce	1637228845944	1637228847277	OK	 
USER	get data from json responce	START	1637228847337
REQUEST		get data from json responce	1637228846098	1637228847344	KO	status.find.in(200,201,202,203,204,205,206,207,208,209,304), found 503
ERROR	Validating json data: Failed to build request: No attribute named 'userID' is defined 	1637228847345
USER	get data from json responce	END	1637228847346
REQUEST		get data from json responce	1637228846269	1637228847369	OK	 
REQUEST		Validating json data	1637228846478	1637228847464	KO	jsonPath($.data.id).find.is(17183), but actually found 1517
USER	get data from json responce	END	1637228847466
USER	get data from json responce	START	1637228847491
REQUEST		get data from json responce	1637228846439	1637228847570	OK	 
USER	get data from json responce	START	1637228847629
REQUEST		Validating json data	1637228847571	1637228847638	KO	status.find.in(200,201,202,203,204,205,206,207,208,209,304), found 503
USER	get data from json responce	END	1637228847641
REQUEST		Validating json data	1637228846668	1637228847664	KO	jsonPath($.data.id).find.is(17183), but actually found 1517
USER	get data from json responce	END	1637228847665
USER	get data from json responce	START	1637228847767
REQUEST		get data from json responce	1637228846609	1637228847771	OK	 
REQUEST		get data from json responce	1637228846766	1637228847872	OK	 
USER	get data from json responce	START	1637228847908
REQUEST		Validating json data	1637228847873	1637228847935	KO	status.find.in(200,201,202,203,204,205,206,207,208,209,304), found 503
USER	get data from json responce	END	1637228847938
REQUEST		Validating json data	1637228846977	1637228847962	KO	jsonPath($.data.id).find.is(17183), but actually found 1517
USER	get data from json responce	END	1637228847963
USER	get data from json responce	START	1637228848062
REQUEST		get data from json responce	1637228846920	1637228848069	OK	 
REQUEST		Validating json data	1637228847280	1637228848159	KO	jsonPath($.data.id).find.is(17183), but actually found 1517
USER	get data from json responce	END	1637228848162
USER	get data from json responce	START	1637228848202
REQUEST		get data from json responce	1637228847060	1637228848267	OK	 
REQUEST		Validating json data	1637228848268	1637228848323	KO	status.find.in(200,201,202,203,204,205,206,207,208,209,304), found 503
USER	get data from json responce	END	1637228848327
USER	get data from json responce	START	1637228848342
REQUEST		Validating json data	1637228847370	1637228848375	KO	jsonPath($.data.id).find.is(17183), but actually found 1517
USER	get data from json responce	END	1637228848378
REQUEST		get data from json responce	1637228847198	1637228848477	OK	 
USER	get data from json responce	START	1637228848483
REQUEST		get data from json responce	1637228847337	1637228848580	OK	 
USER	get data from json responce	START	1637228848637
REQUEST		Validating json data	1637228848581	1637228848637	KO	status.find.in(200,201,202,203,204,205,206,207,208,209,304), found 503
USER	get data from json responce	END	1637228848643
REQUEST		get data from json responce	1637228847492	1637228848670	OK	 
REQUEST		get data from json responce	1637228848483	1637228848740	KO	status.find.in(200,201,202,203,204,205,206,207,208,209,304), found 503
ERROR	Validating json data: Failed to build request: No attribute named 'userID' is defined 	1637228848742
USER	get data from json responce	END	1637228848743
REQUEST		Validating json data	1637228847772	1637228848766	KO	jsonPath($.data.id).find.is(17183), but actually found 1517
USER	get data from json responce	END	1637228848768
USER	get data from json responce	START	1637228848775
REQUEST		get data from json responce	1637228847630	1637228848865	OK	 
USER	get data from json responce	START	1637228848899
REQUEST		get data from json responce	1637228847767	1637228848966	OK	 
REQUEST		Validating json data	1637228848966	1637228849015	KO	status.find.in(200,201,202,203,204,205,206,207,208,209,304), found 503
USER	get data from json responce	END	1637228849019
USER	get data from json responce	START	1637228849024
REQUEST		Validating json data	1637228848070	1637228849061	KO	jsonPath($.data.id).find.is(17183), but actually found 1517
USER	get data from json responce	END	1637228849063
USER	get data from json responce	START	1637228849148
REQUEST		get data from json responce	1637228847908	1637228849171	OK	 
USER	get data from json responce	START	1637228849272
REQUEST		get data from json responce	1637228848062	1637228849280	OK	 
REQUEST		get data from json responce	1637228848202	1637228849369	OK	 
USER	get data from json responce	START	1637228849395
REQUEST		get data from json responce	1637228849148	1637228849433	KO	status.find.in(200,201,202,203,204,205,206,207,208,209,304), found 503
ERROR	Validating json data: Failed to build request: No attribute named 'userID' is defined 	1637228849435
USER	get data from json responce	END	1637228849436
REQUEST		Validating json data	1637228849370	1637228849438	KO	status.find.in(200,201,202,203,204,205,206,207,208,209,304), found 503
USER	get data from json responce	END	1637228849443
REQUEST		Validating json data	1637228848478	1637228849464	KO	jsonPath($.data.id).find.is(17183), but actually found 1517
USER	get data from json responce	END	1637228849465
USER	get data from json responce	START	1637228849519
REQUEST		get data from json responce	1637228848342	1637228849571	OK	 
USER	get data from json responce	START	1637228849644
REQUEST		Validating json data	1637228848670	1637228849660	KO	jsonPath($.data.id).find.is(17183), but actually found 1517
USER	get data from json responce	END	1637228849661
REQUEST		get data from json responce	1637228848638	1637228849772	OK	 
USER	get data from json responce	START	1637228849785
REQUEST		Validating json data	1637228849773	1637228849842	KO	status.find.in(200,201,202,203,204,205,206,207,208,209,304), found 503
USER	get data from json responce	END	1637228849845
REQUEST		Validating json data	1637228848865	1637228849865	KO	jsonPath($.data.id).find.is(17183), but actually found 1517
USER	get data from json responce	END	1637228849866
USER	get data from json responce	START	1637228849893
REQUEST		get data from json responce	1637228848776	1637228849971	OK	 
USER	get data from json responce	START	1637228850019
REQUEST		get data from json responce	1637228849785	1637228850023	KO	status.find.in(200,201,202,203,204,205,206,207,208,209,304), found 503
ERROR	Validating json data: Failed to build request: No attribute named 'userID' is defined 	1637228850026
USER	get data from json responce	END	1637228850026
REQUEST		get data from json responce	1637228848900	1637228850071	OK	 
USER	get data from json responce	START	1637228850142
REQUEST		Validating json data	1637228849171	1637228850165	KO	jsonPath($.data.id).find.is(17183), but actually found 1517
USER	get data from json responce	END	1637228850167
REQUEST		get data from json responce	1637228849024	1637228850265	OK	 
USER	get data from json responce	START	1637228850267
REQUEST		Validating json data	1637228850266	1637228850338	KO	status.find.in(200,201,202,203,204,205,206,207,208,209,304), found 503
USER	get data from json responce	END	1637228850343
REQUEST		Validating json data	1637228849281	1637228850360	KO	jsonPath($.data.id).find.is(17183), but actually found 1517
USER	get data from json responce	END	1637228850362
USER	get data from json responce	START	1637228850390
REQUEST		get data from json responce	1637228849273	1637228850470	OK	 
USER	get data from json responce	START	1637228850529
REQUEST		Validating json data	1637228849572	1637228850562	KO	jsonPath($.data.id).find.is(17183), but actually found 1517
USER	get data from json responce	END	1637228850563
REQUEST		get data from json responce	1637228850391	1637228850639	KO	status.find.in(200,201,202,203,204,205,206,207,208,209,304), found 503
ERROR	Validating json data: Failed to build request: No attribute named 'userID' is defined 	1637228850640
USER	get data from json responce	END	1637228850641
USER	get data from json responce	START	1637228850652
REQUEST		get data from json responce	1637228849396	1637228850672	OK	 
USER	get data from json responce	START	1637228850776
REQUEST		get data from json responce	1637228849520	1637228850776	OK	 
REQUEST		Validating json data	1637228850777	1637228850839	KO	status.find.in(200,201,202,203,204,205,206,207,208,209,304), found 503
USER	get data from json responce	END	1637228850841
REQUEST		get data from json responce	1637228849644	1637228850871	OK	 
USER	get data from json responce	START	1637228850885
REQUEST		Validating json data	1637228850872	1637228850942	KO	status.find.in(200,201,202,203,204,205,206,207,208,209,304), found 503
USER	get data from json responce	END	1637228850946
USER	get data from json responce	START	1637228850995
REQUEST		Validating json data	1637228849971	1637228851046	KO	jsonPath($.data.id).find.is(17183), but actually found 1517
USER	get data from json responce	END	1637228851047
REQUEST		Validating json data	1637228850072	1637228851073	KO	jsonPath($.data.id).find.is(17183), but actually found 1517
USER	get data from json responce	END	1637228851086
USER	get data from json responce	START	1637228851103
REQUEST		get data from json responce	1637228849893	1637228851174	OK	 
USER	get data from json responce	START	1637228851212
REQUEST		get data from json responce	1637228850019	1637228851285	OK	 
USER	get data from json responce	START	1637228851321
REQUEST		get data from json responce	1637228850143	1637228851372	OK	 
USER	get data from json responce	START	1637228851445
REQUEST		Validating json data	1637228851373	1637228851449	KO	status.find.in(200,201,202,203,204,205,206,207,208,209,304), found 503
USER	get data from json responce	END	1637228851452
REQUEST		Validating json data	1637228850471	1637228851463	KO	jsonPath($.data.id).find.is(17183), but actually found 1517
USER	get data from json responce	END	1637228851464
REQUEST		get data from json responce	1637228851212	1637228851471	KO	status.find.in(200,201,202,203,204,205,206,207,208,209,304), found 503
ERROR	Validating json data: Failed to build request: No attribute named 'userID' is defined 	1637228851472
USER	get data from json responce	END	1637228851473
USER	get data from json responce	START	1637228851554
REQUEST		get data from json responce	1637228850267	1637228851566	OK	 
REQUEST		Validating json data	1637228851567	1637228851636	KO	status.find.in(200,201,202,203,204,205,206,207,208,209,304), found 503
USER	get data from json responce	END	1637228851639
USER	get data from json responce	START	1637228851661
REQUEST		Validating json data	1637228850672	1637228851672	KO	jsonPath($.data.id).find.is(17183), but actually found 1517
USER	get data from json responce	END	1637228851673
USER	get data from json responce	START	1637228851770
REQUEST		get data from json responce	1637228850529	1637228851785	OK	 
USER	get data from json responce	START	1637228851880
REQUEST		get data from json responce	1637228850653	1637228851885	OK	 
REQUEST		get data from json responce	1637228851662	1637228851922	KO	status.find.in(200,201,202,203,204,205,206,207,208,209,304), found 503
ERROR	Validating json data: Failed to build request: No attribute named 'userID' is defined 	1637228851924
USER	get data from json responce	END	1637228851924
REQUEST		get data from json responce	1637228850776	1637228851967	OK	 
USER	get data from json responce	START	1637228851987
REQUEST		Validating json data	1637228851968	1637228852019	KO	status.find.in(200,201,202,203,204,205,206,207,208,209,304), found 503
USER	get data from json responce	END	1637228852022
REQUEST		Validating json data	1637228851175	1637228852092	KO	jsonPath($.data.id).find.is(17183), but actually found 1517
USER	get data from json responce	END	1637228852093
USER	get data from json responce	START	1637228852110
USER	get data from json responce	START	1637228852220
REQUEST		get data from json responce	1637228850995	1637228852257	OK	 
REQUEST		Validating json data	1637228851285	1637228852305	KO	jsonPath($.data.id).find.is(17183), but actually found 1517
USER	get data from json responce	END	1637228852306
USER	get data from json responce	START	1637228852329
REQUEST		get data from json responce	1637228851103	1637228852417	OK	 
USER	get data from json responce	START	1637228852437
REQUEST		get data from json responce	1637228850886	1637228852537	OK	 
USER	get data from json responce	START	1637228852547
REQUEST		get data from json responce	1637228851321	1637228852565	OK	 
REQUEST		Validating json data	1637228852538	1637228852638	KO	status.find.in(200,201,202,203,204,205,206,207,208,209,304), found 503
USER	get data from json responce	END	1637228852642
REQUEST		Validating json data	1637228852566	1637228852643	KO	status.find.in(200,201,202,203,204,205,206,207,208,209,304), found 503
USER	get data from json responce	END	1637228852646
USER	get data from json responce	START	1637228852656
REQUEST		get data from json responce	1637228851445	1637228852716	OK	 
USER	get data from json responce	START	1637228852779
REQUEST		Validating json data	1637228851787	1637228852801	KO	jsonPath($.data.id).find.is(17183), but actually found 1517
USER	get data from json responce	END	1637228852802
REQUEST		Validating json data	1637228852717	1637228852805	KO	status.find.in(200,201,202,203,204,205,206,207,208,209,304), found 503
USER	get data from json responce	END	1637228852808
USER	get data from json responce	START	1637228852871
REQUEST		get data from json responce	1637228851554	1637228852884	OK	 
REQUEST		get data from json responce	1637228852548	1637228852932	KO	status.find.in(200,201,202,203,204,205,206,207,208,209,304), found 503
ERROR	Validating json data: Failed to build request: No attribute named 'userID' is defined 	1637228852933
USER	get data from json responce	END	1637228852934
REQUEST		Validating json data	1637228852885	1637228852942	KO	status.find.in(200,201,202,203,204,205,206,207,208,209,304), found 503
USER	get data from json responce	END	1637228852944
REQUEST		Validating json data	1637228851885	1637228852959	KO	jsonPath($.data.id).find.is(17183), but actually found 1517
USER	get data from json responce	END	1637228852960
USER	get data from json responce	START	1637228852979
REQUEST		get data from json responce	1637228852779	1637228853030	KO	status.find.in(200,201,202,203,204,205,206,207,208,209,304), found 503
ERROR	Validating json data: Failed to build request: No attribute named 'userID' is defined 	1637228853032
USER	get data from json responce	END	1637228853033
REQUEST		get data from json responce	1637228851770	1637228853072	OK	 
USER	get data from json responce	START	1637228853071
REQUEST		get data from json responce	1637228851880	1637228853172	OK	 
USER	get data from json responce	START	1637228853178
REQUEST		get data from json responce	1637228852871	1637228853241	KO	status.find.in(200,201,202,203,204,205,206,207,208,209,304), found 503
ERROR	Validating json data: Failed to build request: No attribute named 'userID' is defined 	1637228853243
USER	get data from json responce	END	1637228853244
REQUEST		Validating json data	1637228853173	1637228853243	KO	status.find.in(200,201,202,203,204,205,206,207,208,209,304), found 503
USER	get data from json responce	END	1637228853247
USER	get data from json responce	START	1637228853271
REQUEST		get data from json responce	1637228851988	1637228853272	OK	 
USER	get data from json responce	START	1637228853379
REQUEST		Validating json data	1637228852259	1637228853451	KO	jsonPath($.data.id).find.is(17183), but actually found 1517
USER	get data from json responce	END	1637228853453
REQUEST		Validating json data	1637228852418	1637228853464	KO	jsonPath($.data.id).find.is(17183), but actually found 1517
USER	get data from json responce	END	1637228853466
USER	get data from json responce	START	1637228853473
USER	get data from json responce	START	1637228853565
REQUEST		get data from json responce	1637228852111	1637228853567	OK	 
REQUEST		Validating json data	1637228853568	1637228853634	KO	status.find.in(200,201,202,203,204,205,206,207,208,209,304), found 503
USER	get data from json responce	END	1637228853637
REQUEST		get data from json responce	1637228852220	1637228853666	OK	 
USER	get data from json responce	START	1637228853673
REQUEST		get data from json responce	1637228853473	1637228853743	KO	status.find.in(200,201,202,203,204,205,206,207,208,209,304), found 503
ERROR	Validating json data: Failed to build request: No attribute named 'userID' is defined 	1637228853744
USER	get data from json responce	END	1637228853744
REQUEST		get data from json responce	1637228852329	1637228853770	OK	 
REQUEST		get data from json responce	1637228852438	1637228853866	OK	 
REQUEST		Validating json data	1637228853867	1637228853937	KO	status.find.in(200,201,202,203,204,205,206,207,208,209,304), found 503
USER	get data from json responce	END	1637228853941
REQUEST		get data from json responce	1637228853673	1637228853946	KO	status.find.in(200,201,202,203,204,205,206,207,208,209,304), found 503
ERROR	Validating json data: Failed to build request: No attribute named 'userID' is defined 	1637228853947
USER	get data from json responce	END	1637228853948
REQUEST		get data from json responce	1637228852656	1637228853966	OK	 
REQUEST		Validating json data	1637228853073	1637228854061	KO	jsonPath($.data.id).find.is(17183), but actually found 1517
USER	get data from json responce	END	1637228854063
REQUEST		get data from json responce	1637228852979	1637228854167	OK	 
REQUEST		Validating json data	1637228853273	1637228854261	KO	jsonPath($.data.id).find.is(17183), but actually found 1517
USER	get data from json responce	END	1637228854263
REQUEST		get data from json responce	1637228853072	1637228854365	OK	 
REQUEST		get data from json responce	1637228853179	1637228854471	OK	 
REQUEST		get data from json responce	1637228853272	1637228854570	OK	 
REQUEST		Validating json data	1637228853667	1637228854664	KO	jsonPath($.data.id).find.is(17183), but actually found 1517
USER	get data from json responce	END	1637228854667
REQUEST		get data from json responce	1637228853566	1637228854771	OK	 
REQUEST		Validating json data	1637228853771	1637228854860	KO	jsonPath($.data.id).find.is(17183), but actually found 1517
USER	get data from json responce	END	1637228854861
REQUEST		Validating json data	1637228853966	1637228854962	KO	jsonPath($.data.id).find.is(17183), but actually found 1517
USER	get data from json responce	END	1637228854964
REQUEST		Validating json data	1637228854168	1637228855061	KO	jsonPath($.data.id).find.is(17183), but actually found 1517
USER	get data from json responce	END	1637228855063
REQUEST		Validating json data	1637228854366	1637228855163	KO	jsonPath($.data.id).find.is(17183), but actually found 1517
USER	get data from json responce	END	1637228855166
REQUEST		Validating json data	1637228854472	1637228855265	KO	jsonPath($.data.id).find.is(17183), but actually found 1517
USER	get data from json responce	END	1637228855267
REQUEST		get data from json responce	1637228853380	1637228855369	OK	 
REQUEST		Validating json data	1637228854772	1637228855464	KO	jsonPath($.data.id).find.is(17183), but actually found 1517
USER	get data from json responce	END	1637228855466
REQUEST		Validating json data	1637228854573	1637228855565	KO	jsonPath($.data.id).find.is(17183), but actually found 1517
USER	get data from json responce	END	1637228855567
REQUEST		Validating json data	1637228855370	1637228855664	KO	jsonPath($.data.id).find.is(17183), but actually found 1517
USER	get data from json responce	END	1637228855665
